presentation/build/outputs/logs/manifest-merger-debug-report.txt
-- Merging decision tree log ---
manifest
ADDED from src/main/AndroidManifest.xml:2:1-91:12
	package
		ADDED from src/main/AndroidManifest.xml:3:5-42
		INJECTED from src/main/AndroidManifest.xml
		INJECTED from src/main/AndroidManifest.xml
	android:versionName
		INJECTED from src/main/AndroidManifest.xml
		INJECTED from src/main/AndroidManifest.xml
	xmlns:android
		ADDED from src/main/AndroidManifest.xml:2:11-69
	android:versionCode
		INJECTED from src/main/AndroidManifest.xml
		INJECTED from src/main/AndroidManifest.xml
uses-permission#android.permission.WRITE_EXTERNAL_STORAGE
ADDED from src/main/AndroidManifest.xml:5:5-81
MERGED from [com.google.vr:sdk-base:1.20.0] AndroidManifest.xml:10:5-80
MERGED from [com.squareup.leakcanary:leakcanary-android:1.3.1] AndroidManifest.xml:25:5-81
	android:name
		ADDED from src/main/AndroidManifest.xml:5:22-78
uses-permission#android.permission.ACCESS_COARSE_LOCATION
ADDED from src/main/AndroidManifest.xml:6:5-81
	android:name
		ADDED from src/main/AndroidManifest.xml:6:22-78
uses-permission#android.permission.ACCESS_FINE_LOCATION
ADDED from src/main/AndroidManifest.xml:7:5-79
	android:name
		ADDED from src/main/AndroidManifest.xml:7:22-76
uses-permission#android.permission.INTERNET
ADDED from src/main/AndroidManifest.xml:8:5-67
	android:name
		ADDED from src/main/AndroidManifest.xml:8:22-64
uses-feature#0x00020000
ADDED from src/main/AndroidManifest.xml:10:5-12:35
MERGED from [com.google.vr:sdk-base:1.20.0] AndroidManifest.xml:6:5-77
	android:glEsVersion
		ADDED from src/main/AndroidManifest.xml:11:9-41
	android:required
		ADDED from src/main/AndroidManifest.xml:12:9-32
uses-permission#android.permission.VIBRATE
ADDED from src/main/AndroidManifest.xml:15:5-66
	android:name
		ADDED from src/main/AndroidManifest.xml:15:22-63
uses-permission#android.permission.READ_EXTERNAL_STORAGE
ADDED from src/main/AndroidManifest.xml:17:5-80
MERGED from [com.google.vr:sdk-base:1.20.0] AndroidManifest.xml:9:5-79
	android:name
		ADDED from src/main/AndroidManifest.xml:17:22-77
uses-feature#android.hardware.sensor.accelerometer
ADDED from src/main/AndroidManifest.xml:20:5-22:35
	android:required
		ADDED from src/main/AndroidManifest.xml:22:9-32
	android:name
		ADDED from src/main/AndroidManifest.xml:21:9-61
uses-feature#android.hardware.sensor.gyroscope
ADDED from src/main/AndroidManifest.xml:23:5-25:35
	android:required
		ADDED from src/main/AndroidManifest.xml:25:9-32
	android:name
		ADDED from src/main/AndroidManifest.xml:24:9-57
uses-feature#android.software.vr.mode
ADDED from src/main/AndroidManifest.xml:28:5-30:36
MERGED from [com.google.vr:sdk-base:1.20.0] AndroidManifest.xml:13:5-85
	android:required
		ADDED from src/main/AndroidManifest.xml:30:9-33
	android:name
		ADDED from src/main/AndroidManifest.xml:29:9-48
uses-feature#android.hardware.vr.high_performance
ADDED from src/main/AndroidManifest.xml:32:5-34:36
MERGED from [com.google.vr:sdk-base:1.20.0] AndroidManifest.xml:15:5-97
	android:required
		ADDED from src/main/AndroidManifest.xml:34:9-33
	android:name
		ADDED from src/main/AndroidManifest.xml:33:9-60
application
ADDED from src/main/AndroidManifest.xml:36:5-89:19
MERGED from [ringstrings:data:unspecified] AndroidManifest.xml:10:5-12:19
MERGED from [com.android.support:design:25.1.1] AndroidManifest.xml:25:5-20
MERGED from [com.android.support:appcompat-v7:25.1.1] AndroidManifest.xml:25:5-20
MERGED from [com.android.support:animated-vector-drawable:25.1.1] AndroidManifest.xml:22:5-20
MERGED from [com.android.support:support-vector-drawable:25.1.1] AndroidManifest.xml:23:5-20
MERGED from [com.android.support:transition:25.1.1] AndroidManifest.xml:22:5-20
MERGED from [com.android.support:support-v4:25.1.1] AndroidManifest.xml:25:5-20
MERGED from [com.android.support:support-fragment:25.1.1] AndroidManifest.xml:25:5-20
MERGED from [com.android.support:support-media-compat:25.1.1] AndroidManifest.xml:25:5-20
MERGED from [com.android.support:support-core-ui:25.1.1] AndroidManifest.xml:25:5-20
MERGED from [com.android.support:support-core-utils:25.1.1] AndroidManifest.xml:25:5-20
MERGED from [com.android.support:support-compat:25.1.1] AndroidManifest.xml:25:5-20
MERGED from [com.squareup.leakcanary:leakcanary-android:1.3.1] AndroidManifest.xml:27:5-49:19
	android:label
		ADDED from src/main/AndroidManifest.xml:39:9-41
	android:allowBackup
		ADDED from src/main/AndroidManifest.xml:37:9-35
	android:icon
		ADDED from src/main/AndroidManifest.xml:38:9-45
	android:theme
		ADDED from src/main/AndroidManifest.xml:40:9-43
uses-library#com.google.android.maps
ADDED from src/main/AndroidManifest.xml:41:9-43:39
	android:required
		ADDED from src/main/AndroidManifest.xml:43:13-36
	android:name
		ADDED from src/main/AndroidManifest.xml:42:13-51
activity#com.coreman2200.presentation.rsdisplay.activity.RingStringsVRActivity
ADDED from src/main/AndroidManifest.xml:45:9-74:20
	android:screenOrientation
		ADDED from src/main/AndroidManifest.xml:51:13-50
	android:enableVrMode
		ADDED from src/main/AndroidManifest.xml:48:13-65
	android:label
		ADDED from src/main/AndroidManifest.xml:49:13-45
	android:resizeableActivity
		ADDED from src/main/AndroidManifest.xml:50:13-47
	android:configChanges
		ADDED from src/main/AndroidManifest.xml:47:13-74
	android:name
		ADDED from src/main/AndroidManifest.xml:46:13-97
meta-data#com.google.android.vr.icon
ADDED from src/main/AndroidManifest.xml:57:13-59:75
	android:resource
		ADDED from src/main/AndroidManifest.xml:59:17-72
	android:name
		ADDED from src/main/AndroidManifest.xml:58:17-58
meta-data#com.google.android.vr.icon_background
ADDED from src/main/AndroidManifest.xml:60:13-62:78
	android:resource
		ADDED from src/main/AndroidManifest.xml:62:17-75
	android:name
		ADDED from src/main/AndroidManifest.xml:61:17-69
intent-filter#android.intent.action.MAIN+android.intent.category.LAUNCHER+com.google.intent.category.DAYDREAM
ADDED from src/main/AndroidManifest.xml:68:13-73:29
action#android.intent.action.MAIN
ADDED from src/main/AndroidManifest.xml:69:17-69
	android:name
		ADDED from src/main/AndroidManifest.xml:69:25-66
category#android.intent.category.LAUNCHER
ADDED from src/main/AndroidManifest.xml:71:17-77
	android:name
		ADDED from src/main/AndroidManifest.xml:71:27-74
category#com.google.intent.category.DAYDREAM
ADDED from src/main/AndroidManifest.xml:72:17-80
	android:name
		ADDED from src/main/AndroidManifest.xml:72:27-77
activity#com.coreman2200.presentation.rsdisplay.activity.RingStringsActivity
ADDED from src/main/AndroidManifest.xml:75:9-78:57
	android:label
		ADDED from src/main/AndroidManifest.xml:78:13-45
	android:configChanges
		ADDED from src/main/AndroidManifest.xml:77:13-63
	android:name
		ADDED from src/main/AndroidManifest.xml:76:13-95
provider#com.coreman2200.data.rsprovider.RingStringsContentProvider
ADDED from src/main/AndroidManifest.xml:80:9-87:82
	android:readPermission
		ADDED from src/main/AndroidManifest.xml:86:13-77
	android:authorities
		ADDED from src/main/AndroidManifest.xml:82:13-71
	android:grantUriPermissions
		ADDED from src/main/AndroidManifest.xml:84:13-47
	android:label
		ADDED from src/main/AndroidManifest.xml:85:13-48
	android:exported
		ADDED from src/main/AndroidManifest.xml:83:13-36
	android:name
		ADDED from src/main/AndroidManifest.xml:81:13-86
	android:writePermission
		ADDED from src/main/AndroidManifest.xml:87:13-79
uses-sdk
INJECTED from src/main/AndroidManifest.xml reason: use-sdk injection requested
MERGED from [ringstrings:data:unspecified] AndroidManifest.xml:6:5-8:41
MERGED from [com.google.vr:sdk-audio:1.20.0] AndroidManifest.xml:3:5-73
MERGED from [com.google.vr:sdk-base:1.20.0] AndroidManifest.xml:5:5-73
MERGED from [com.google.vr:sdk-common:1.20.0] AndroidManifest.xml:3:5-73
MERGED from [com.jakewharton:butterknife:8.4.0] AndroidManifest.xml:5:5-43
MERGED from [io.reactivex:rxandroid:1.0.1] AndroidManifest.xml:19:5-43
MERGED from [com.android.support:design:25.1.1] AndroidManifest.xml:21:5-23:62
MERGED from [com.android.support:appcompat-v7:25.1.1] AndroidManifest.xml:21:5-23:78
MERGED from [com.android.support:animated-vector-drawable:25.1.1] AndroidManifest.xml:20:5-44
MERGED from [com.android.support:support-vector-drawable:25.1.1] AndroidManifest.xml:21:5-43
MERGED from [com.android.support:recyclerview-v7:25.1.1] AndroidManifest.xml:20:5-43
MERGED from [com.android.support:transition:25.1.1] AndroidManifest.xml:20:5-44
MERGED from [com.android.support:support-v4:25.1.1] AndroidManifest.xml:21:5-23:54
MERGED from [com.android.support:support-fragment:25.1.1] AndroidManifest.xml:21:5-23:60
MERGED from [com.android.support:support-media-compat:25.1.1] AndroidManifest.xml:21:5-23:63
MERGED from [com.android.support:support-core-ui:25.1.1] AndroidManifest.xml:21:5-23:58
MERGED from [com.android.support:support-core-utils:25.1.1] AndroidManifest.xml:21:5-23:61
MERGED from [com.android.support:support-compat:25.1.1] AndroidManifest.xml:21:5-23:58
MERGED from [com.squareup.leakcanary:leakcanary-android:1.3.1] AndroidManifest.xml:20:5-22:41
	tools:overrideLibrary
		ADDED from [com.android.support:design:25.1.1] AndroidManifest.xml:23:9-59
	android:targetSdkVersion
		INJECTED from src/main/AndroidManifest.xml
		INJECTED from src/main/AndroidManifest.xml
	android:minSdkVersion
		INJECTED from src/main/AndroidManifest.xml
		INJECTED from src/main/AndroidManifest.xml
activity#com.coreman2200.data.activity.MainActivity
ADDED from [ringstrings:data:unspecified] AndroidManifest.xml:11:9-79
	android:name
		ADDED from [ringstrings:data:unspecified] AndroidManifest.xml:11:19-76
service#com.squareup.leakcanary.internal.HeapAnalyzerService
ADDED from [com.squareup.leakcanary:leakcanary-android:1.3.1] AndroidManifest.xml:28:9-31:45
	android:enabled
		ADDED from [com.squareup.leakcanary:leakcanary-android:1.3.1] AndroidManifest.xml:30:13-36
	android:process
		ADDED from [com.squareup.leakcanary:leakcanary-android:1.3.1] AndroidManifest.xml:31:13-42
	android:name
		ADDED from [com.squareup.leakcanary:leakcanary-android:1.3.1] AndroidManifest.xml:29:13-80
service#com.squareup.leakcanary.DisplayLeakService
ADDED from [com.squareup.leakcanary:leakcanary-android:1.3.1] AndroidManifest.xml:32:9-34:39
	android:enabled
		ADDED from [com.squareup.leakcanary:leakcanary-android:1.3.1] AndroidManifest.xml:34:13-36
	android:name
		ADDED from [com.squareup.leakcanary:leakcanary-android:1.3.1] AndroidManifest.xml:33:13-70
activity#com.squareup.leakcanary.internal.DisplayLeakActivity
ADDED from [com.squareup.leakcanary:leakcanary-android:1.3.1] AndroidManifest.xml:36:9-48:20
	android:enabled
		ADDED from [com.squareup.leakcanary:leakcanary-android:1.3.1] AndroidManifest.xml:38:13-36
	android:label
		ADDED from [com.squareup.leakcanary:leakcanary-android:1.3.1] AndroidManifest.xml:40:13-73
	android:icon
		ADDED from [com.squareup.leakcanary:leakcanary-android:1.3.1] AndroidManifest.xml:39:13-56
	android:theme
		ADDED from [com.squareup.leakcanary:leakcanary-android:1.3.1] AndroidManifest.xml:42:13-53
	android:taskAffinity
		ADDED from [com.squareup.leakcanary:leakcanary-android:1.3.1] AndroidManifest.xml:41:13-59
	android:name
		ADDED from [com.squareup.leakcanary:leakcanary-android:1.3.1] AndroidManifest.xml:37:13-80
intent-filter#android.intent.action.MAIN+android.intent.category.LAUNCHER
ADDED from [com.squareup.leakcanary:leakcanary-android:1.3.1] AndroidManifest.xml:43:13-47:29